<?xml version="1.0" encoding="utf-8"?><testsuites><testsuite name="pytest" errors="0" failures="0" skipped="0" tests="4" time="53.630" timestamp="2022-07-23T13:24:10.770230" hostname="KI-LAPTOP174"><testcase classname="test_HomePage.TestTwo" name="test_formSubmission[getData0]" time="11.475" /><testcase classname="test_HomePage.TestTwo" name="test_formSubmission[getData1]" time="10.758" /><testcase classname="test_e2e.TestOne" name="test_e2e" time="29.190" /><testcase classname="test_e2e.TestOne" name="test_two" time="2.152" /></testsuite></testsuites>